<?xml version="1.0" encoding="UTF-8"?>
<!-- Generated by org.testng.reporters.JUnitXMLReporter -->
<testsuite ignored="1" hostname="DESKTOP-ILPKCNS" failures="0" tests="2" name="Test" time="9.967" errors="0" timestamp="2023-12-04T13:06:30 IST">
  <testcase classname="base.execution1" name="Swiggy" time="5.265"/>
  <testcase classname="base.execution1" name="Zomato" time="4.635"/>
  <testcase classname="base.execution1" name="Facebook" time="0.0">
    <ignored/>
  </testcase> <!-- Facebook -->
</testsuite> <!-- Test -->
