<?xml version="1.0" encoding="UTF-8"?>
<testng-results ignored="1" total="3" passed="2" failed="0" skipped="0">
  <reporter-output>
  </reporter-output>
  <suite started-at="2023-12-04T13:06:20 IST" name="Suite" finished-at="2023-12-04T13:06:30 IST" duration-ms="9967">
    <groups>
      <group name="Food">
        <method signature="execution1.Swiggy()[pri:0, instance:base.execution1@5d7148e2]" name="Swiggy" class="base.execution1"/>
        <method signature="execution1.Zomato()[pri:0, instance:base.execution1@5d7148e2]" name="Zomato" class="base.execution1"/>
      </group> <!-- Food -->
    </groups>
    <test started-at="2023-12-04T13:06:20 IST" name="Test" finished-at="2023-12-04T13:06:30 IST" duration-ms="9967">
      <class name="base.execution1">
        <test-method signature="Swiggy()[pri:0, instance:base.execution1@5d7148e2]" started-at="2023-12-04T13:06:20 IST" name="Swiggy" finished-at="2023-12-04T13:06:26 IST" duration-ms="5265" status="PASS">
          <reporter-output>
          </reporter-output>
        </test-method> <!-- Swiggy -->
        <test-method signature="Zomato()[pri:0, instance:base.execution1@5d7148e2]" started-at="2023-12-04T13:06:26 IST" name="Zomato" finished-at="2023-12-04T13:06:30 IST" duration-ms="4635" status="PASS">
          <reporter-output>
          </reporter-output>
        </test-method> <!-- Zomato -->
      </class> <!-- base.execution1 -->
    </test> <!-- Test -->
  </suite> <!-- Suite -->
</testng-results>
